<?xml version="1.0" encoding="UTF-8"?>
<!-- Generated by org.testng.reporters.JUnitReportReporter -->
<testsuite hostname="IN-CF1D5S3" failures="0" tests="1" name="Demo.Dummy.AppTest" time="8.845" errors="0" timestamp="2024-04-14T21:18:02 IST" skipped="0">
  <testcase classname="Demo.Dummy.AppTest" name="openFlipkart" time="8.845"/>
  <system-out/>
</testsuite> <!-- Demo.Dummy.AppTest -->
